-encoding
UTF-8
-outxml
-source
6
-target
6
-classpath
/home/tiger/.m2/repository/antlr/antlr/2.7.6/antlr-2.7.6.jar:/home/tiger/.m2/repository/aopalliance/aopalliance/1.0/aopalliance-1.0.jar:/home/tiger/.m2/repository/cglib/cglib-nodep/2.2.2/cglib-nodep-2.2.2.jar:/home/tiger/.m2/repository/commons-beanutils/commons-beanutils/1.8.3/commons-beanutils-1.8.3.jar:/home/tiger/.m2/repository/commons-codec/commons-codec/1.5/commons-codec-1.5.jar:/home/tiger/.m2/repository/commons-collections/commons-collections/3.1/commons-collections-3.1.jar:/home/tiger/.m2/repository/commons-dbcp/commons-dbcp/1.3/commons-dbcp-1.3.jar:/home/tiger/.m2/repository/commons-digester/commons-digester/2.1/commons-digester-2.1.jar:/home/tiger/.m2/repository/commons-fileupload/commons-fileupload/1.2.2/commons-fileupload-1.2.2.jar:/home/tiger/.m2/repository/commons-io/commons-io/2.1/commons-io-2.1.jar:/home/tiger/.m2/repository/commons-pool/commons-pool/1.5.6/commons-pool-1.5.6.jar:/home/tiger/.m2/repository/dom4j/dom4j/1.6.1/dom4j-1.6.1.jar:/home/tiger/.m2/repository/javassist/javassist/3.12.0.GA/javassist-3.12.0.GA.jar:/home/tiger/.m2/repository/javax/el/el-api/1.0/el-api-1.0.jar:/home/tiger/.m2/repository/javax/servlet/servlet-api/2.5/servlet-api-2.5.jar:/home/tiger/.m2/repository/javax/servlet/jsp/jsp-api/2.1/jsp-api-2.1.jar:/home/tiger/.m2/repository/javax/servlet/jsp/jstl/jstl-api/1.2/jstl-api-1.2.jar:/home/tiger/.m2/repository/javax/transaction/jta/1.1/jta-1.1.jar:/home/tiger/.m2/repository/javax/validation/validation-api/1.0.0.GA/validation-api-1.0.0.GA.jar:/home/tiger/.m2/repository/joda-time/joda-time/1.6/joda-time-1.6.jar:/home/tiger/.m2/repository/log4j/log4j/1.2.16/log4j-1.2.16.jar:/home/tiger/.m2/repository/mysql/mysql-connector-java/5.1.18/mysql-connector-java-5.1.18.jar:/home/tiger/.m2/repository/net/sf/flexjson/flexjson/2.1/flexjson-2.1.jar:/home/tiger/.m2/repository/org/apache/commons/commons-lang3/3.1/commons-lang3-3.1.jar:/home/tiger/.m2/repository/org/apache/tiles/tiles-api/2.2.2/tiles-api-2.2.2.jar:/home/tiger/.m2/repository/org/apache/tiles/tiles-core/2.2.2/tiles-core-2.2.2.jar:/home/tiger/.m2/repository/org/apache/tiles/tiles-jsp/2.2.2/tiles-jsp-2.2.2.jar:/home/tiger/.m2/repository/org/apache/tiles/tiles-servlet/2.2.2/tiles-servlet-2.2.2.jar:/home/tiger/.m2/repository/org/apache/tiles/tiles-template/2.2.2/tiles-template-2.2.2.jar:/home/tiger/.m2/repository/org/aspectj/aspectjrt/1.7.0.RC1/aspectjrt-1.7.0.RC1.jar:/home/tiger/.m2/repository/org/aspectj/aspectjweaver/1.7.0.RC1/aspectjweaver-1.7.0.RC1.jar:/home/tiger/.m2/repository/org/codehaus/jackson/jackson-core-asl/1.8.1/jackson-core-asl-1.8.1.jar:/home/tiger/.m2/repository/org/codehaus/jackson/jackson-mapper-asl/1.8.1/jackson-mapper-asl-1.8.1.jar:/home/tiger/.m2/repository/org/glassfish/web/jstl-impl/1.2/jstl-impl-1.2.jar:/home/tiger/.m2/repository/org/hibernate/hibernate-commons-annotations/3.2.0.Final/hibernate-commons-annotations-3.2.0.Final.jar:/home/tiger/.m2/repository/org/hibernate/hibernate-core/3.6.9.Final/hibernate-core-3.6.9.Final.jar:/home/tiger/.m2/repository/org/hibernate/hibernate-entitymanager/3.6.9.Final/hibernate-entitymanager-3.6.9.Final.jar:/home/tiger/.m2/repository/org/hibernate/hibernate-validator/4.2.0.Final/hibernate-validator-4.2.0.Final.jar:/home/tiger/.m2/repository/org/hibernate/javax/persistence/hibernate-jpa-2.0-api/1.0.1.Final/hibernate-jpa-2.0-api-1.0.1.Final.jar:/home/tiger/.m2/repository/org/slf4j/jcl-over-slf4j/1.6.4/jcl-over-slf4j-1.6.4.jar:/home/tiger/.m2/repository/org/slf4j/slf4j-api/1.6.4/slf4j-api-1.6.4.jar:/home/tiger/.m2/repository/org/slf4j/slf4j-log4j12/1.6.4/slf4j-log4j12-1.6.4.jar:/home/tiger/.m2/repository/org/springframework/spring-aop/3.1.1.RELEASE/spring-aop-3.1.1.RELEASE.jar:/home/tiger/.m2/repository/org/springframework/spring-asm/3.1.1.RELEASE/spring-asm-3.1.1.RELEASE.jar:/home/tiger/.m2/repository/org/springframework/spring-aspects/3.1.1.RELEASE/spring-aspects-3.1.1.RELEASE.jar:/home/tiger/.m2/repository/org/springframework/spring-beans/3.1.1.RELEASE/spring-beans-3.1.1.RELEASE.jar:/home/tiger/.m2/repository/org/springframework/spring-context/3.1.1.RELEASE/spring-context-3.1.1.RELEASE.jar:/home/tiger/.m2/repository/org/springframework/spring-context-support/3.1.1.RELEASE/spring-context-support-3.1.1.RELEASE.jar:/home/tiger/.m2/repository/org/springframework/spring-core/3.1.1.RELEASE/spring-core-3.1.1.RELEASE.jar:/home/tiger/.m2/repository/org/springframework/spring-expression/3.1.1.RELEASE/spring-expression-3.1.1.RELEASE.jar:/home/tiger/.m2/repository/org/springframework/spring-jdbc/3.1.1.RELEASE/spring-jdbc-3.1.1.RELEASE.jar:/home/tiger/.m2/repository/org/springframework/spring-orm/3.1.1.RELEASE/spring-orm-3.1.1.RELEASE.jar:/home/tiger/.m2/repository/org/springframework/spring-tx/3.1.1.RELEASE/spring-tx-3.1.1.RELEASE.jar:/home/tiger/.m2/repository/org/springframework/spring-web/3.1.1.RELEASE/spring-web-3.1.1.RELEASE.jar:/home/tiger/.m2/repository/org/springframework/spring-webmvc/3.1.1.RELEASE/spring-webmvc-3.1.1.RELEASE.jar:/home/tiger/.m2/repository/org/springframework/roo/org.springframework.roo.annotations/1.2.2.RELEASE/org.springframework.roo.annotations-1.2.2.RELEASE.jar:/home/tiger/.m2/repository/org/springframework/security/spring-security-acl/3.1.0.RELEASE/spring-security-acl-3.1.0.RELEASE.jar:/home/tiger/.m2/repository/org/springframework/security/spring-security-config/3.1.0.RELEASE/spring-security-config-3.1.0.RELEASE.jar:/home/tiger/.m2/repository/org/springframework/security/spring-security-core/3.1.0.RELEASE/spring-security-core-3.1.0.RELEASE.jar:/home/tiger/.m2/repository/org/springframework/security/spring-security-crypto/3.1.0.RELEASE/spring-security-crypto-3.1.0.RELEASE.jar:/home/tiger/.m2/repository/org/springframework/security/spring-security-taglibs/3.1.0.RELEASE/spring-security-taglibs-3.1.0.RELEASE.jar:/home/tiger/.m2/repository/org/springframework/security/spring-security-web/3.1.0.RELEASE/spring-security-web-3.1.0.RELEASE.jar:/home/tiger/.m2/repository/org/springframework/webflow/spring-js-resources/2.2.1.RELEASE/spring-js-resources-2.2.1.RELEASE.jar:/home/tiger/WS/SXBC/target/classes
-aspectpath
/home/tiger/.m2/repository/org/springframework/spring-aspects/3.1.1.RELEASE/spring-aspects-3.1.1.RELEASE.jar
-d
/home/tiger/WS/SXBC/target/classes
/home/tiger/WS/SXBC/src/main/java/com/sx/tv/web/TVShowDataController.java
/home/tiger/WS/SXBC/src/main/java/com/sx/tv/entites/Resource_Roo_ToString.aj
/home/tiger/WS/SXBC/src/main/java/com/sx/tv/entites/People_Roo_JavaBean.aj
/home/tiger/WS/SXBC/src/main/java/com/sx/tv/entites/TVShow.java
/home/tiger/WS/SXBC/src/main/java/com/sx/tv/web/ThemeController_Roo_Controller.aj
/home/tiger/WS/SXBC/src/main/java/com/sx/tv/entites/ChannelComments_Roo_Jpa_Entity.aj
/home/tiger/WS/SXBC/src/main/java/com/sx/tv/web/ChannelController.java
/home/tiger/WS/SXBC/src/main/java/com/sx/tv/entites/Channel_Roo_Serializable.aj
/home/tiger/WS/SXBC/src/main/java/com/sx/tv/web/ProgressController.java
/home/tiger/WS/SXBC/src/main/java/com/sx/tv/entites/Type_Roo_Configurable.aj
/home/tiger/WS/SXBC/src/main/java/com/sx/tv/entites/Type.java
/home/tiger/WS/SXBC/src/main/java/com/sx/tv/entites/ScoreIndicator_Roo_ToString.aj
/home/tiger/WS/SXBC/src/main/java/com/sx/tv/web/StatusController.java
/home/tiger/WS/SXBC/src/main/java/com/sx/tv/entites/Type_Roo_JavaBean.aj
/home/tiger/WS/SXBC/src/main/java/com/sx/tv/view/SearchTV.java
/home/tiger/WS/SXBC/src/main/java/com/sx/tv/view/JsonDataTable.java
/home/tiger/WS/SXBC/src/main/java/com/sx/tv/entites/ChannelComments_Roo_Configurable.aj
/home/tiger/WS/SXBC/src/main/java/com/sx/tv/utils/StatusUtil.java
/home/tiger/WS/SXBC/src/main/java/com/sx/tv/service/MyUserDetailService.java
/home/tiger/WS/SXBC/src/main/java/com/sx/tv/entites/DeptComments_Roo_Configurable.aj
/home/tiger/WS/SXBC/src/main/java/com/sx/tv/entites/Company_Roo_Jpa_Entity.aj
/home/tiger/WS/SXBC/src/main/java/com/sx/tv/entites/Status_Roo_JavaBean.aj
/home/tiger/WS/SXBC/src/main/java/com/sx/tv/finder/TVShowsFinder.java
/home/tiger/WS/SXBC/src/main/java/com/sx/tv/web/RoleController_Roo_Controller.aj
/home/tiger/WS/SXBC/src/main/java/com/sx/tv/entites/ScoreIndicator_Roo_Configurable.aj
/home/tiger/WS/SXBC/src/main/java/com/sx/tv/entites/ScoreDetail_Roo_Jpa_ActiveRecord.aj
/home/tiger/WS/SXBC/src/main/java/com/sx/tv/entites/ChannelComments.java
/home/tiger/WS/SXBC/src/main/java/com/sx/tv/entites/TVShow_Roo_Jpa_Entity.aj
/home/tiger/WS/SXBC/src/main/java/com/sx/tv/entites/Role_Roo_Jpa_ActiveRecord.aj
/home/tiger/WS/SXBC/src/main/java/com/sx/tv/entites/ScoreIndicator_Roo_Jpa_Entity.aj
/home/tiger/WS/SXBC/src/main/java/com/sx/tv/entites/Company_Roo_ToString.aj
/home/tiger/WS/SXBC/src/main/java/com/sx/tv/entites/People_Roo_Jpa_Entity.aj
/home/tiger/WS/SXBC/src/main/java/com/sx/tv/entites/ScoreDetail_Roo_Configurable.aj
/home/tiger/WS/SXBC/src/main/java/com/sx/tv/entites/DeptComments_Roo_Jpa_Entity.aj
/home/tiger/WS/SXBC/src/main/java/com/sx/tv/entites/ScoreDetail_Roo_Jpa_Entity.aj
/home/tiger/WS/SXBC/src/main/java/com/sx/tv/web/ScoreIndicatorController_Roo_Controller.aj
/home/tiger/WS/SXBC/src/main/java/com/sx/tv/entites/Channel_Roo_Jpa_ActiveRecord.aj
/home/tiger/WS/SXBC/src/main/java/com/sx/tv/entites/Theme_Roo_JavaBean.aj
/home/tiger/WS/SXBC/src/main/java/com/sx/tv/entites/Status_Roo_Jpa_Entity.aj
/home/tiger/WS/SXBC/src/main/java/com/sx/tv/entites/Channel_Roo_Jpa_Entity.aj
/home/tiger/WS/SXBC/src/main/java/com/sx/tv/entites/RecommendClass_Roo_Jpa_ActiveRecord.aj
/home/tiger/WS/SXBC/src/main/java/com/sx/tv/web/ControllerTVShow.java
/home/tiger/WS/SXBC/src/main/java/com/sx/tv/entites/ContractPayment_Roo_Finder.aj
/home/tiger/WS/SXBC/src/main/java/com/sx/tv/view/SearchTV_Roo_ToString.aj
/home/tiger/WS/SXBC/src/main/java/com/sx/tv/entites/Progress_Roo_Jpa_ActiveRecord.aj
/home/tiger/WS/SXBC/src/main/java/com/sx/tv/view/TVShowData_Roo_ToString.aj
/home/tiger/WS/SXBC/src/main/java/com/sx/tv/entites/TVContract_Roo_ToString.aj
/home/tiger/WS/SXBC/src/main/java/com/sx/tv/entites/TVShow_Roo_Configurable.aj
/home/tiger/WS/SXBC/src/main/java/com/sx/tv/entites/Role_Roo_JavaBean.aj
/home/tiger/WS/SXBC/src/main/java/com/sx/tv/security/MyFilterSecurityInterceptor.java
/home/tiger/WS/SXBC/src/main/java/com/sx/tv/entites/Status_Roo_Serializable.aj
/home/tiger/WS/SXBC/src/main/java/com/sx/tv/entites/Status_Roo_Jpa_ActiveRecord.aj
/home/tiger/WS/SXBC/src/main/java/com/sx/tv/web/TypeController.java
/home/tiger/WS/SXBC/src/main/java/com/sx/tv/entites/Company.java
/home/tiger/WS/SXBC/src/main/java/com/sx/tv/entites/RecommendClass_Roo_Serializable.aj
/home/tiger/WS/SXBC/src/main/java/com/sx/tv/entites/Type_Roo_Jpa_Entity.aj
/home/tiger/WS/SXBC/src/main/java/com/sx/tv/entites/ContractPayment_Roo_Jpa_ActiveRecord.aj
/home/tiger/WS/SXBC/src/main/java/com/sx/tv/view/TVShowData.java
/home/tiger/WS/SXBC/src/main/java/com/sx/tv/entites/TVShow_Roo_Finder.aj
/home/tiger/WS/SXBC/src/main/java/com/sx/tv/web/ContractPaymentController_Roo_Controller.aj
/home/tiger/WS/SXBC/src/main/java/com/sx/tv/entites/ChannelComments_Roo_ToString.aj
/home/tiger/WS/SXBC/src/main/java/com/sx/tv/view/RejectTVshow.java
/home/tiger/WS/SXBC/src/main/java/com/sx/tv/entites/RecommendClass_Roo_ToString.aj
/home/tiger/WS/SXBC/src/main/java/com/sx/tv/entites/ChannelComments_Roo_Finder.aj
/home/tiger/WS/SXBC/src/main/java/com/sx/tv/entites/TVContract_Roo_Jpa_Entity.aj
/home/tiger/WS/SXBC/src/main/java/com/sx/tv/web/ProjectorCommentsController_Roo_Controller.aj
/home/tiger/WS/SXBC/src/main/java/com/sx/tv/web/ScoreIndicatorController.java
/home/tiger/WS/SXBC/src/main/java/com/sx/tv/entites/People_Roo_Configurable.aj
/home/tiger/WS/SXBC/src/main/java/com/sx/tv/entites/Theme_Roo_Jpa_Entity.aj
/home/tiger/WS/SXBC/src/main/java/com/sx/tv/web/TVContractController.java
/home/tiger/WS/SXBC/src/main/java/com/sx/tv/entites/User_Roo_JavaBean.aj
/home/tiger/WS/SXBC/src/main/java/com/sx/tv/entites/User_Roo_Finder.aj
/home/tiger/WS/SXBC/src/main/java/com/sx/tv/entites/DeptComments_Roo_ToString.aj
/home/tiger/WS/SXBC/src/main/java/com/sx/tv/entites/Resource.java
/home/tiger/WS/SXBC/src/main/java/com/sx/tv/entites/Progress.java
/home/tiger/WS/SXBC/src/main/java/com/sx/tv/entites/ProjectorComments_Roo_Jpa_Entity.aj
/home/tiger/WS/SXBC/src/main/java/com/sx/tv/web/ScoreController_Roo_Controller.aj
/home/tiger/WS/SXBC/src/main/java/com/sx/tv/entites/TVContract_Roo_JavaBean.aj
/home/tiger/WS/SXBC/src/main/java/com/sx/tv/entites/ProjectorComments_Roo_Serializable.aj
/home/tiger/WS/SXBC/src/main/java/com/sx/tv/entites/Score_Roo_Jpa_Entity.aj
/home/tiger/WS/SXBC/src/main/java/com/sx/tv/entites/Status_Roo_Configurable.aj
/home/tiger/WS/SXBC/src/main/java/com/sx/tv/entites/Score_Roo_JavaBean.aj
/home/tiger/WS/SXBC/src/main/java/com/sx/tv/web/TVShowController.java
/home/tiger/WS/SXBC/src/main/java/com/sx/tv/entites/TVContract_Roo_Finder.aj
/home/tiger/WS/SXBC/src/main/java/com/sx/tv/entites/TVShow_Roo_Jpa_ActiveRecord.aj
/home/tiger/WS/SXBC/src/main/java/com/sx/tv/entites/Role_Roo_ToString.aj
/home/tiger/WS/SXBC/src/main/java/com/sx/tv/entites/TVShow_Roo_ToString.aj
/home/tiger/WS/SXBC/src/main/java/com/sx/tv/entites/Channel_Roo_Configurable.aj
/home/tiger/WS/SXBC/src/main/java/com/sx/tv/entites/People_Roo_Jpa_ActiveRecord.aj
/home/tiger/WS/SXBC/src/main/java/com/sx/tv/entites/ScoreDetail.java
/home/tiger/WS/SXBC/src/main/java/com/sx/tv/entites/ScoreDetail_Roo_ToString.aj
/home/tiger/WS/SXBC/src/main/java/com/sx/tv/entites/Score.java
/home/tiger/WS/SXBC/src/main/java/com/sx/tv/view/JsonData.java
/home/tiger/WS/SXBC/src/main/java/com/sx/tv/entites/Role_Roo_Configurable.aj
/home/tiger/WS/SXBC/src/main/java/com/sx/tv/web/ResourceController.java
/home/tiger/WS/SXBC/src/main/java/com/sx/tv/view/SearchTV_Roo_Serializable.aj
/home/tiger/WS/SXBC/src/main/java/com/sx/tv/entites/ContractPayment_Roo_Configurable.aj
/home/tiger/WS/SXBC/src/main/java/com/sx/tv/entites/Theme.java
/home/tiger/WS/SXBC/src/main/java/com/sx/tv/entites/Theme_Roo_Configurable.aj
/home/tiger/WS/SXBC/src/main/java/com/sx/tv/entites/Role_Roo_Serializable.aj
/home/tiger/WS/SXBC/src/main/java/com/sx/tv/view/TVShowData_Roo_JavaBean.aj
/home/tiger/WS/SXBC/src/main/java/com/sx/tv/entites/ScoreIndicator_Roo_Serializable.aj
/home/tiger/WS/SXBC/src/main/java/com/sx/tv/entites/ContractPayment_Roo_ToString.aj
/home/tiger/WS/SXBC/src/main/java/com/sx/tv/entites/ContractPayment_Roo_Jpa_Entity.aj
/home/tiger/WS/SXBC/src/main/java/com/sx/tv/entites/ProjectorComments_Roo_Configurable.aj
/home/tiger/WS/SXBC/src/main/java/com/sx/tv/entites/Progress_Roo_Serializable.aj
/home/tiger/WS/SXBC/src/main/java/com/sx/tv/entites/User_Roo_Serializable.aj
/home/tiger/WS/SXBC/src/main/java/com/sx/tv/entites/RecommendClass.java
/home/tiger/WS/SXBC/src/main/java/com/sx/tv/entites/Progress_Roo_ToString.aj
/home/tiger/WS/SXBC/src/main/java/com/sx/tv/web/TVShowController_Roo_Controller.aj
/home/tiger/WS/SXBC/src/main/java/com/sx/tv/entites/DeptComments.java
/home/tiger/WS/SXBC/src/main/java/com/sx/tv/entites/Score_Roo_Serializable.aj
/home/tiger/WS/SXBC/src/main/java/com/sx/tv/web/RoleController.java
/home/tiger/WS/SXBC/src/main/java/com/sx/tv/entites/Channel_Roo_JavaBean.aj
/home/tiger/WS/SXBC/src/main/java/com/sx/tv/entites/ProjectorComments.java
/home/tiger/WS/SXBC/src/main/java/com/sx/tv/entites/User_Roo_Jpa_ActiveRecord.aj
/home/tiger/WS/SXBC/src/main/java/com/sx/tv/web/ChannelController_Roo_Controller.aj
/home/tiger/WS/SXBC/src/main/java/com/sx/tv/security/MySecurityMetadataSource.java
/home/tiger/WS/SXBC/src/main/java/com/sx/tv/entites/TVContract.java
/home/tiger/WS/SXBC/src/main/java/com/sx/tv/entites/Progress_Roo_Jpa_Entity.aj
/home/tiger/WS/SXBC/src/main/java/com/sx/tv/web/PeopleController.java
/home/tiger/WS/SXBC/src/main/java/com/sx/tv/entites/ProjectorComments_Roo_ToString.aj
/home/tiger/WS/SXBC/src/main/java/com/sx/tv/service/EncodeUserPassword.java
/home/tiger/WS/SXBC/src/main/java/com/sx/tv/entites/User_Roo_Configurable.aj
/home/tiger/WS/SXBC/src/main/java/com/sx/tv/security/MyAccessDecisionManager.java
/home/tiger/WS/SXBC/src/main/java/com/sx/tv/web/CompanyController.java
/home/tiger/WS/SXBC/src/main/java/com/sx/tv/entites/ScoreDetail_Roo_JavaBean.aj
/home/tiger/WS/SXBC/src/main/java/com/sx/tv/entites/Channel.java
/home/tiger/WS/SXBC/src/main/java/com/sx/tv/entites/Progress_Roo_Configurable.aj
/home/tiger/WS/SXBC/src/main/java/com/sx/tv/entites/People_Roo_Serializable.aj
/home/tiger/WS/SXBC/src/main/java/com/sx/tv/entites/RecommendClass_Roo_Configurable.aj
/home/tiger/WS/SXBC/src/main/java/com/sx/tv/entites/ScoreIndicator_Roo_JavaBean.aj
/home/tiger/WS/SXBC/src/main/java/com/sx/tv/web/ThemeController.java
/home/tiger/WS/SXBC/src/main/java/com/sx/tv/web/TypeController_Roo_Controller.aj
/home/tiger/WS/SXBC/src/main/java/com/sx/tv/web/TVContractController_Roo_Controller.aj
/home/tiger/WS/SXBC/src/main/java/com/sx/tv/entites/Resource_Roo_Jpa_ActiveRecord.aj
/home/tiger/WS/SXBC/src/main/java/com/sx/tv/entites/ContractPayment.java
/home/tiger/WS/SXBC/src/main/java/com/sx/tv/entites/ContractPayment_Roo_JavaBean.aj
/home/tiger/WS/SXBC/src/main/java/com/sx/tv/entites/Resource_Roo_Jpa_Entity.aj
/home/tiger/WS/SXBC/src/main/java/com/sx/tv/entites/Role.java
/home/tiger/WS/SXBC/src/main/java/com/sx/tv/entites/ProjectorComments_Roo_Jpa_ActiveRecord.aj
/home/tiger/WS/SXBC/src/main/java/com/sx/tv/entites/ProjectorComments_Roo_Finder.aj
/home/tiger/WS/SXBC/src/main/java/com/sx/tv/entites/ContractPayment_Roo_Serializable.aj
/home/tiger/WS/SXBC/src/main/java/com/sx/tv/entites/ChannelComments_Roo_Jpa_ActiveRecord.aj
/home/tiger/WS/SXBC/src/main/java/com/sx/tv/web/ApplicationConversionServiceFactoryBean_Roo_ConversionService.aj
/home/tiger/WS/SXBC/src/main/java/com/sx/tv/entites/User_Roo_Jpa_Entity.aj
/home/tiger/WS/SXBC/src/main/java/com/sx/tv/view/Page.java
/home/tiger/WS/SXBC/src/main/java/com/sx/tv/entites/ScoreDetail_Roo_Serializable.aj
/home/tiger/WS/SXBC/src/main/java/com/sx/tv/entites/TVContract_Roo_Serializable.aj
/home/tiger/WS/SXBC/src/main/java/com/sx/tv/entites/TVShow_Roo_Serializable.aj
/home/tiger/WS/SXBC/src/main/java/com/sx/tv/web/DeptCommentsController_Roo_Controller.aj
/home/tiger/WS/SXBC/src/main/java/com/sx/tv/entites/Resource_Roo_JavaBean.aj
/home/tiger/WS/SXBC/src/main/java/com/sx/tv/entites/People_Roo_ToString.aj
/home/tiger/WS/SXBC/src/main/java/com/sx/tv/entites/Type_Roo_Jpa_ActiveRecord.aj
/home/tiger/WS/SXBC/src/main/java/com/sx/tv/entites/Score_Roo_Finder.aj
/home/tiger/WS/SXBC/src/main/java/com/sx/tv/entites/Company_Roo_Configurable.aj
/home/tiger/WS/SXBC/src/main/java/com/sx/tv/entites/Type_Roo_ToString.aj
/home/tiger/WS/SXBC/src/main/java/com/sx/tv/entites/Status.java
/home/tiger/WS/SXBC/src/main/java/com/sx/tv/web/DeptCommentsController.java
/home/tiger/WS/SXBC/src/main/java/com/sx/tv/web/ApplicationConversionServiceFactoryBean.java
/home/tiger/WS/SXBC/src/main/java/com/sx/tv/entites/Company_Roo_Serializable.aj
/home/tiger/WS/SXBC/src/main/java/com/sx/tv/entites/ScoreIndicator.java
/home/tiger/WS/SXBC/src/main/java/com/sx/tv/web/ResourceController_Roo_Controller.aj
/home/tiger/WS/SXBC/src/main/java/com/sx/tv/web/StatusController_Roo_Controller.aj
/home/tiger/WS/SXBC/src/main/java/com/sx/tv/web/ProjectorCommentsController.java
/home/tiger/WS/SXBC/src/main/java/com/sx/tv/entites/Resource_Roo_Configurable.aj
/home/tiger/WS/SXBC/src/main/java/com/sx/tv/entites/TVContract_Roo_Jpa_ActiveRecord.aj
/home/tiger/WS/SXBC/src/main/java/com/sx/tv/entites/ChannelComments_Roo_Serializable.aj
/home/tiger/WS/SXBC/src/main/java/com/sx/tv/entites/DeptComments_Roo_Serializable.aj
/home/tiger/WS/SXBC/src/main/java/com/sx/tv/entites/Score_Roo_ToString.aj
/home/tiger/WS/SXBC/src/main/java/com/sx/tv/entites/Company_Roo_Jpa_ActiveRecord.aj
/home/tiger/WS/SXBC/src/main/java/com/sx/tv/entites/Type_Roo_Serializable.aj
/home/tiger/WS/SXBC/src/main/java/com/sx/tv/web/RecommendClassController_Roo_Controller.aj
/home/tiger/WS/SXBC/src/main/java/com/sx/tv/entites/DeptComments_Roo_Finder.aj
/home/tiger/WS/SXBC/src/main/java/com/sx/tv/web/UserController.java
/home/tiger/WS/SXBC/src/main/java/com/sx/tv/entites/User.java
/home/tiger/WS/SXBC/src/main/java/com/sx/tv/entites/DeptComments_Roo_JavaBean.aj
/home/tiger/WS/SXBC/src/main/java/com/sx/tv/entites/Role_Roo_Jpa_Entity.aj
/home/tiger/WS/SXBC/src/main/java/com/sx/tv/entites/DeptComments_Roo_Jpa_ActiveRecord.aj
/home/tiger/WS/SXBC/src/main/java/com/sx/tv/entites/RecommendClass_Roo_JavaBean.aj
/home/tiger/WS/SXBC/src/main/java/com/sx/tv/entites/Theme_Roo_Jpa_ActiveRecord.aj
/home/tiger/WS/SXBC/src/main/java/com/sx/tv/entites/Channel_Roo_Finder.aj
/home/tiger/WS/SXBC/src/main/java/com/sx/tv/web/CompanyController_Roo_Controller.aj
/home/tiger/WS/SXBC/src/main/java/com/sx/tv/entites/Theme_Roo_ToString.aj
/home/tiger/WS/SXBC/src/main/java/com/sx/tv/entites/RecommendClass_Roo_Jpa_Entity.aj
/home/tiger/WS/SXBC/src/main/java/com/sx/tv/web/UserController_Roo_Controller.aj
/home/tiger/WS/SXBC/src/main/java/com/sx/tv/entites/TVContract_Roo_Configurable.aj
/home/tiger/WS/SXBC/src/main/java/com/sx/tv/entites/ScoreIndicator_Roo_Jpa_ActiveRecord.aj
/home/tiger/WS/SXBC/src/main/java/com/sx/tv/entites/Theme_Roo_Serializable.aj
/home/tiger/WS/SXBC/src/main/java/com/sx/tv/web/ContractPaymentController.java
/home/tiger/WS/SXBC/src/main/java/com/sx/tv/entites/Progress_Roo_JavaBean.aj
/home/tiger/WS/SXBC/src/main/java/com/sx/tv/web/PeopleController_Roo_Controller.aj
/home/tiger/WS/SXBC/src/main/java/com/sx/tv/entites/Status_Roo_ToString.aj
/home/tiger/WS/SXBC/src/main/java/com/sx/tv/view/SearchTV_Roo_JavaBean.aj
/home/tiger/WS/SXBC/src/main/java/com/sx/tv/web/ChannelCommentsController.java
/home/tiger/WS/SXBC/src/main/java/com/sx/tv/entites/Resource_Roo_Serializable.aj
/home/tiger/WS/SXBC/src/main/java/com/sx/tv/web/ProgressController_Roo_Controller.aj
/home/tiger/WS/SXBC/src/main/java/com/sx/tv/web/RecommendClassController.java
/home/tiger/WS/SXBC/src/main/java/com/sx/tv/entites/Channel_Roo_ToString.aj
/home/tiger/WS/SXBC/src/main/java/com/sx/tv/web/ChannelCommentsController_Roo_Controller.aj
/home/tiger/WS/SXBC/src/main/java/com/sx/tv/web/ScoreController.java
/home/tiger/WS/SXBC/src/main/java/com/sx/tv/TestMain.java
/home/tiger/WS/SXBC/src/main/java/com/sx/tv/entites/People.java
/home/tiger/WS/SXBC/src/main/java/com/sx/tv/entites/Score_Roo_Configurable.aj
/home/tiger/WS/SXBC/src/main/java/com/sx/tv/entites/User_Roo_ToString.aj
/home/tiger/WS/SXBC/src/main/java/com/sx/tv/entites/Score_Roo_Jpa_ActiveRecord.aj
/home/tiger/WS/SXBC/src/main/java/com/sx/tv/entites/Company_Roo_JavaBean.aj
/home/tiger/WS/SXBC/src/main/java/com/sx/tv/view/ScoreVO.java
